{"level":"INFO","timestamp":"2026-02-23T21:56:40.355+0800","caller":"service/service.go:73","msg":"发送消息请求","sender_id":0,"receiver_id":0,"content":""}
{"level":"INFO","timestamp":"2026-02-23T21:57:39.386+0800","caller":"service/service.go:137","msg":"获取聊天历史请求","user_id1":0,"user_id2":0,"last_message_id":0,"page_size":0}
{"level":"INFO","timestamp":"2026-02-23T21:57:39.409+0800","caller":"service/service.go:168","msg":"获取聊天历史成功","user_id1":0,"user_id2":0,"message_count":0,"total_count":0}
{"level":"INFO","timestamp":"2026-02-26T19:41:43.803+0800","caller":"service/service.go:73","msg":"发送消息请求","sender_id":1,"receiver_id":2,"content":"你好，这是一条WebSocket测试消息"}
{"level":"INFO","timestamp":"2026-02-26T19:41:43.804+0800","caller":"service/service.go:237","msg":"获取用户信息请求","user_id":1}
{"level":"INFO","timestamp":"2026-02-26T19:41:43.828+0800","caller":"service/service.go:271","msg":"用户信息存入缓存成功","user_id":1}
{"level":"INFO","timestamp":"2026-02-26T19:41:43.828+0800","caller":"service/service.go:276","msg":"获取用户信息成功","user_id":1,"username":"testuser"}
{"level":"INFO","timestamp":"2026-02-26T19:41:43.828+0800","caller":"service/service.go:237","msg":"获取用户信息请求","user_id":2}
{"level":"INFO","timestamp":"2026-02-26T19:41:43.839+0800","caller":"service/service.go:271","msg":"用户信息存入缓存成功","user_id":2}
{"level":"INFO","timestamp":"2026-02-26T19:41:43.839+0800","caller":"service/service.go:276","msg":"获取用户信息成功","user_id":2,"username":"lmx"}
{"level":"INFO","timestamp":"2026-02-26T19:41:43.856+0800","caller":"service/service.go:127","msg":"发送消息成功","message_id":1,"sender_id":1,"receiver_id":2}
{"level":"INFO","timestamp":"2026-02-26T19:47:45.535+0800","caller":"service/service.go:73","msg":"发送消息请求","sender_id":1,"receiver_id":2,"content":"你好，这是一条WebSocket测试消息"}
{"level":"INFO","timestamp":"2026-02-26T19:47:45.537+0800","caller":"service/service.go:237","msg":"获取用户信息请求","user_id":1}
{"level":"INFO","timestamp":"2026-02-26T19:47:45.539+0800","caller":"service/service.go:246","msg":"从缓存获取用户信息成功","user_id":1}
{"level":"INFO","timestamp":"2026-02-26T19:47:45.539+0800","caller":"service/service.go:237","msg":"获取用户信息请求","user_id":2}
{"level":"INFO","timestamp":"2026-02-26T19:47:45.539+0800","caller":"service/service.go:246","msg":"从缓存获取用户信息成功","user_id":2}
{"level":"INFO","timestamp":"2026-02-26T19:47:45.553+0800","caller":"service/service.go:127","msg":"发送消息成功","message_id":2,"sender_id":1,"receiver_id":2}
{"level":"INFO","timestamp":"2026-02-26T19:52:34.239+0800","caller":"service/service.go:73","msg":"发送消息请求","sender_id":1,"receiver_id":2,"content":"你好，这是一条WebSocket测试消息"}
{"level":"INFO","timestamp":"2026-02-26T19:52:34.240+0800","caller":"service/service.go:237","msg":"获取用户信息请求","user_id":1}
{"level":"INFO","timestamp":"2026-02-26T19:52:34.253+0800","caller":"service/service.go:271","msg":"用户信息存入缓存成功","user_id":1}
{"level":"INFO","timestamp":"2026-02-26T19:52:34.253+0800","caller":"service/service.go:276","msg":"获取用户信息成功","user_id":1,"username":"testuser"}
{"level":"INFO","timestamp":"2026-02-26T19:52:34.253+0800","caller":"service/service.go:237","msg":"获取用户信息请求","user_id":2}
{"level":"INFO","timestamp":"2026-02-26T19:52:34.265+0800","caller":"service/service.go:271","msg":"用户信息存入缓存成功","user_id":2}
{"level":"INFO","timestamp":"2026-02-26T19:52:34.265+0800","caller":"service/service.go:276","msg":"获取用户信息成功","user_id":2,"username":"lmx"}
{"level":"INFO","timestamp":"2026-02-26T19:52:35.301+0800","caller":"service/service.go:127","msg":"发送消息成功","message_id":3,"sender_id":1,"receiver_id":2}
{"level":"INFO","timestamp":"2026-02-26T19:52:51.036+0800","caller":"service/service.go:73","msg":"发送消息请求","sender_id":1,"receiver_id":2,"content":"mo神神了"}
{"level":"INFO","timestamp":"2026-02-26T19:52:51.036+0800","caller":"service/service.go:237","msg":"获取用户信息请求","user_id":1}
{"level":"INFO","timestamp":"2026-02-26T19:52:51.037+0800","caller":"service/service.go:246","msg":"从缓存获取用户信息成功","user_id":1}
{"level":"INFO","timestamp":"2026-02-26T19:52:51.037+0800","caller":"service/service.go:237","msg":"获取用户信息请求","user_id":2}
{"level":"INFO","timestamp":"2026-02-26T19:52:51.038+0800","caller":"service/service.go:246","msg":"从缓存获取用户信息成功","user_id":2}
{"level":"INFO","timestamp":"2026-02-26T19:52:52.051+0800","caller":"service/service.go:127","msg":"发送消息成功","message_id":4,"sender_id":1,"receiver_id":2}
