{"level":"INFO","timestamp":"2026-02-23T20:55:06.034+0800","caller":"middleware/logger.go:27","msg":"HTTP Request","method":"GET","path":"/health","query":"","ip":"::1","user_agent":"Apifox/1.0.0 (https://apifox.com)"}
{"level":"INFO","timestamp":"2026-02-23T20:55:06.035+0800","caller":"middleware/logger.go:42","msg":"HTTP Response","method":"GET","path":"/health","status":200,"duration":0.002661}
{"level":"INFO","timestamp":"2026-02-23T20:55:09.755+0800","caller":"middleware/logger.go:27","msg":"HTTP Request","method":"POST","path":"/api/user/register","query":"","ip":"::1","user_agent":"Apifox/1.0.0 (https://apifox.com)"}
{"level":"INFO","timestamp":"2026-02-23T20:55:11.325+0800","caller":"middleware/logger.go:42","msg":"HTTP Response","method":"POST","path":"/api/user/register","status":200,"duration":1.5704827}
{"level":"INFO","timestamp":"2026-02-23T20:57:44.701+0800","caller":"middleware/logger.go:27","msg":"HTTP Request","method":"POST","path":"/api/user/register","query":"","ip":"::1","user_agent":"Apifox/1.0.0 (https://apifox.com)"}
{"level":"INFO","timestamp":"2026-02-23T20:57:44.721+0800","caller":"middleware/logger.go:42","msg":"HTTP Response","method":"POST","path":"/api/user/register","status":200,"duration":0.0194995}
{"level":"INFO","timestamp":"2026-02-23T21:01:18.593+0800","caller":"middleware/logger.go:27","msg":"HTTP Request","method":"POST","path":"/api/user/register","query":"","ip":"::1","user_agent":"Apifox/1.0.0 (https://apifox.com)"}
{"level":"INFO","timestamp":"2026-02-23T21:01:18.594+0800","caller":"middleware/logger.go:42","msg":"HTTP Response","method":"POST","path":"/api/user/register","status":500,"duration":0.0016067}
{"level":"INFO","timestamp":"2026-02-23T21:01:23.018+0800","caller":"middleware/logger.go:27","msg":"HTTP Request","method":"GET","path":"/health","query":"","ip":"::1","user_agent":"Apifox/1.0.0 (https://apifox.com)"}
{"level":"INFO","timestamp":"2026-02-23T21:01:23.018+0800","caller":"middleware/logger.go:42","msg":"HTTP Response","method":"GET","path":"/health","status":200,"duration":0}
{"level":"INFO","timestamp":"2026-02-23T21:27:59.089+0800","caller":"middleware/logger.go:27","msg":"HTTP Request","method":"GET","path":"/api/user/register","query":"","ip":"::1","user_agent":"Apifox/1.0.0 (https://apifox.com)"}
{"level":"INFO","timestamp":"2026-02-23T21:27:59.090+0800","caller":"middleware/logger.go:42","msg":"HTTP Response","method":"GET","path":"/api/user/register","status":404,"duration":0.0015773}
{"level":"INFO","timestamp":"2026-02-23T21:28:04.970+0800","caller":"middleware/logger.go:27","msg":"HTTP Request","method":"GET","path":"/health","query":"","ip":"::1","user_agent":"Apifox/1.0.0 (https://apifox.com)"}
{"level":"INFO","timestamp":"2026-02-23T21:28:04.971+0800","caller":"middleware/logger.go:42","msg":"HTTP Response","method":"GET","path":"/health","status":200,"duration":0.0010207}
{"level":"INFO","timestamp":"2026-02-23T21:28:35.103+0800","caller":"middleware/logger.go:27","msg":"HTTP Request","method":"POST","path":"/api/user/register","query":"","ip":"::1","user_agent":"Apifox/1.0.0 (https://apifox.com)"}
{"level":"INFO","timestamp":"2026-02-23T21:28:35.126+0800","caller":"middleware/logger.go:42","msg":"HTTP Response","method":"POST","path":"/api/user/register","status":200,"duration":0.0229327}
{"level":"INFO","timestamp":"2026-02-23T21:28:40.164+0800","caller":"middleware/logger.go:27","msg":"HTTP Request","method":"POST","path":"/api/user/register","query":"","ip":"::1","user_agent":"Apifox/1.0.0 (https://apifox.com)"}
{"level":"INFO","timestamp":"2026-02-23T21:28:40.179+0800","caller":"middleware/logger.go:42","msg":"HTTP Response","method":"POST","path":"/api/user/register","status":200,"duration":0.0147916}
{"level":"INFO","timestamp":"2026-02-23T21:29:24.209+0800","caller":"middleware/logger.go:27","msg":"HTTP Request","method":"GET","path":"/api/video/feed","query":"","ip":"::1","user_agent":"Apifox/1.0.0 (https://apifox.com)"}
{"level":"INFO","timestamp":"2026-02-23T21:29:24.231+0800","caller":"middleware/logger.go:42","msg":"HTTP Response","method":"GET","path":"/api/video/feed","status":200,"duration":0.0226413}
{"level":"INFO","timestamp":"2026-02-23T21:30:40.070+0800","caller":"middleware/logger.go:27","msg":"HTTP Request","method":"GET","path":"/api/video/detail","query":"","ip":"::1","user_agent":"Apifox/1.0.0 (https://apifox.com)"}
{"level":"INFO","timestamp":"2026-02-23T21:30:40.072+0800","caller":"middleware/logger.go:42","msg":"HTTP Response","method":"GET","path":"/api/video/detail","status":400,"duration":0.001691}
{"level":"INFO","timestamp":"2026-02-23T21:31:48.500+0800","caller":"middleware/logger.go:27","msg":"HTTP Request","method":"GET","path":"/api/video/detail","query":"","ip":"::1","user_agent":"Apifox/1.0.0 (https://apifox.com)"}
{"level":"INFO","timestamp":"2026-02-23T21:31:48.500+0800","caller":"middleware/logger.go:42","msg":"HTTP Response","method":"GET","path":"/api/video/detail","status":400,"duration":0}
{"level":"INFO","timestamp":"2026-02-23T21:31:49.764+0800","caller":"middleware/logger.go:27","msg":"HTTP Request","method":"GET","path":"/api/video/detail","query":"","ip":"::1","user_agent":"Apifox/1.0.0 (https://apifox.com)"}
{"level":"INFO","timestamp":"2026-02-23T21:31:49.766+0800","caller":"middleware/logger.go:42","msg":"HTTP Response","method":"GET","path":"/api/video/detail","status":400,"duration":0.0015538}
{"level":"INFO","timestamp":"2026-02-23T21:33:28.785+0800","caller":"middleware/logger.go:27","msg":"HTTP Request","method":"GET","path":"/api/video/detail","query":"id=1","ip":"::1","user_agent":"Apifox/1.0.0 (https://apifox.com)"}
{"level":"INFO","timestamp":"2026-02-23T21:33:28.805+0800","caller":"middleware/logger.go:42","msg":"HTTP Response","method":"GET","path":"/api/video/detail","status":200,"duration":0.0201469}
{"level":"INFO","timestamp":"2026-02-23T21:34:38.454+0800","caller":"middleware/logger.go:27","msg":"HTTP Request","method":"GET","path":"/api/search","query":"","ip":"::1","user_agent":"Apifox/1.0.0 (https://apifox.com)"}
{"level":"INFO","timestamp":"2026-02-23T21:34:38.635+0800","caller":"middleware/logger.go:42","msg":"HTTP Response","method":"GET","path":"/api/search","status":200,"duration":0.1806449}
{"level":"INFO","timestamp":"2026-02-23T21:35:24.429+0800","caller":"middleware/logger.go:27","msg":"HTTP Request","method":"GET","path":"/api/user/profile","query":"","ip":"::1","user_agent":"Apifox/1.0.0 (https://apifox.com)"}
{"level":"INFO","timestamp":"2026-02-23T21:35:24.430+0800","caller":"middleware/logger.go:42","msg":"HTTP Response","method":"GET","path":"/api/user/profile","status":404,"duration":0.0016224}
{"level":"INFO","timestamp":"2026-02-23T21:35:47.860+0800","caller":"middleware/logger.go:27","msg":"HTTP Request","method":"GET","path":"/api/user/profile","query":"","ip":"::1","user_agent":"Apifox/1.0.0 (https://apifox.com)"}
{"level":"INFO","timestamp":"2026-02-23T21:35:47.860+0800","caller":"middleware/logger.go:42","msg":"HTTP Response","method":"GET","path":"/api/user/profile","status":404,"duration":0}
{"level":"INFO","timestamp":"2026-02-23T21:36:00.159+0800","caller":"middleware/logger.go:27","msg":"HTTP Request","method":"GET","path":"/api/user/profile","query":"id=1","ip":"::1","user_agent":"Apifox/1.0.0 (https://apifox.com)"}
{"level":"INFO","timestamp":"2026-02-23T21:36:00.160+0800","caller":"middleware/logger.go:42","msg":"HTTP Response","method":"GET","path":"/api/user/profile","status":404,"duration":0.0010209}
{"level":"INFO","timestamp":"2026-02-23T21:37:46.637+0800","caller":"middleware/logger.go:27","msg":"HTTP Request","method":"GET","path":"/api/auth/user/profile","query":"","ip":"::1","user_agent":"Apifox/1.0.0 (https://apifox.com)"}
{"level":"INFO","timestamp":"2026-02-23T21:37:46.639+0800","caller":"middleware/logger.go:42","msg":"HTTP Response","method":"GET","path":"/api/auth/user/profile","status":401,"duration":0.00174}
{"level":"INFO","timestamp":"2026-02-23T21:38:47.744+0800","caller":"middleware/logger.go:27","msg":"HTTP Request","method":"GET","path":"/api/auth/user/profile","query":"Authorization=1","ip":"::1","user_agent":"Apifox/1.0.0 (https://apifox.com)"}
{"level":"INFO","timestamp":"2026-02-23T21:38:47.744+0800","caller":"middleware/logger.go:42","msg":"HTTP Response","method":"GET","path":"/api/auth/user/profile","status":401,"duration":0}
{"level":"INFO","timestamp":"2026-02-23T21:41:32.855+0800","caller":"middleware/logger.go:27","msg":"HTTP Request","method":"GET","path":"/api/auth/user/profile","query":"","ip":"::1","user_agent":"Apifox/1.0.0 (https://apifox.com)"}
{"level":"INFO","timestamp":"2026-02-23T21:41:32.876+0800","caller":"middleware/logger.go:42","msg":"HTTP Response","method":"GET","path":"/api/auth/user/profile","status":200,"duration":0.0209943}
{"level":"INFO","timestamp":"2026-02-23T21:42:23.060+0800","caller":"middleware/logger.go:27","msg":"HTTP Request","method":"GET","path":"/api/auth/user/update","query":"","ip":"::1","user_agent":"Apifox/1.0.0 (https://apifox.com)"}
{"level":"INFO","timestamp":"2026-02-23T21:42:23.061+0800","caller":"middleware/logger.go:42","msg":"HTTP Response","method":"GET","path":"/api/auth/user/update","status":404,"duration":0.0015403}
{"level":"INFO","timestamp":"2026-02-23T21:42:26.660+0800","caller":"middleware/logger.go:27","msg":"HTTP Request","method":"PUT","path":"/api/auth/user/update","query":"","ip":"::1","user_agent":"Apifox/1.0.0 (https://apifox.com)"}
{"level":"INFO","timestamp":"2026-02-23T21:42:26.660+0800","caller":"middleware/logger.go:42","msg":"HTTP Response","method":"PUT","path":"/api/auth/user/update","status":401,"duration":0}
{"level":"INFO","timestamp":"2026-02-23T21:42:50.788+0800","caller":"middleware/logger.go:27","msg":"HTTP Request","method":"PUT","path":"/api/auth/user/update","query":"","ip":"::1","user_agent":"Apifox/1.0.0 (https://apifox.com)"}
{"level":"INFO","timestamp":"2026-02-23T21:42:50.807+0800","caller":"middleware/logger.go:42","msg":"HTTP Response","method":"PUT","path":"/api/auth/user/update","status":200,"duration":0.0183358}
{"level":"INFO","timestamp":"2026-02-23T21:43:39.434+0800","caller":"middleware/logger.go:27","msg":"HTTP Request","method":"PUT","path":"/api/auth/social/follow","query":"","ip":"::1","user_agent":"Apifox/1.0.0 (https://apifox.com)"}
{"level":"INFO","timestamp":"2026-02-23T21:43:39.434+0800","caller":"middleware/logger.go:42","msg":"HTTP Response","method":"PUT","path":"/api/auth/social/follow","status":404,"duration":0}
{"level":"INFO","timestamp":"2026-02-23T21:43:58.368+0800","caller":"middleware/logger.go:27","msg":"HTTP Request","method":"PUT","path":"/api/auth/social/follow","query":"","ip":"::1","user_agent":"Apifox/1.0.0 (https://apifox.com)"}
{"level":"INFO","timestamp":"2026-02-23T21:43:58.369+0800","caller":"middleware/logger.go:42","msg":"HTTP Response","method":"PUT","path":"/api/auth/social/follow","status":404,"duration":0.0015552}
{"level":"INFO","timestamp":"2026-02-23T21:44:57.042+0800","caller":"middleware/logger.go:27","msg":"HTTP Request","method":"POST","path":"/api/auth/social/follow","query":"","ip":"::1","user_agent":"Apifox/1.0.0 (https://apifox.com)"}
{"level":"INFO","timestamp":"2026-02-23T21:44:57.089+0800","caller":"middleware/logger.go:42","msg":"HTTP Response","method":"POST","path":"/api/auth/social/follow","status":200,"duration":0.0464745}
{"level":"INFO","timestamp":"2026-02-23T21:45:44.356+0800","caller":"middleware/logger.go:27","msg":"HTTP Request","method":"POST","path":"/api/auth/social/unfollow","query":"","ip":"::1","user_agent":"Apifox/1.0.0 (https://apifox.com)"}
{"level":"INFO","timestamp":"2026-02-23T21:45:44.404+0800","caller":"middleware/logger.go:42","msg":"HTTP Response","method":"POST","path":"/api/auth/social/unfollow","status":200,"duration":0.0476934}
{"level":"INFO","timestamp":"2026-02-23T21:46:50.527+0800","caller":"middleware/logger.go:27","msg":"HTTP Request","method":"GET","path":"/api/auth/social/following","query":"","ip":"::1","user_agent":"Apifox/1.0.0 (https://apifox.com)"}
{"level":"INFO","timestamp":"2026-02-23T21:46:50.528+0800","caller":"middleware/logger.go:42","msg":"HTTP Response","method":"GET","path":"/api/auth/social/following","status":401,"duration":0.0016207}
{"level":"INFO","timestamp":"2026-02-23T21:47:24.649+0800","caller":"middleware/logger.go:27","msg":"HTTP Request","method":"GET","path":"/api/auth/social/following","query":"","ip":"::1","user_agent":"Apifox/1.0.0 (https://apifox.com)"}
{"level":"INFO","timestamp":"2026-02-23T21:47:24.719+0800","caller":"middleware/logger.go:42","msg":"HTTP Response","method":"GET","path":"/api/auth/social/following","status":200,"duration":0.0701083}
{"level":"INFO","timestamp":"2026-02-23T21:48:29.231+0800","caller":"middleware/logger.go:27","msg":"HTTP Request","method":"GET","path":"/api/auth/social/follower","query":"","ip":"::1","user_agent":"Apifox/1.0.0 (https://apifox.com)"}
{"level":"INFO","timestamp":"2026-02-23T21:48:29.300+0800","caller":"middleware/logger.go:42","msg":"HTTP Response","method":"GET","path":"/api/auth/social/follower","status":200,"duration":0.0691875}
{"level":"INFO","timestamp":"2026-02-23T21:49:27.650+0800","caller":"middleware/logger.go:27","msg":"HTTP Request","method":"GET","path":"/api/auth/interaction/like","query":"","ip":"::1","user_agent":"Apifox/1.0.0 (https://apifox.com)"}
{"level":"INFO","timestamp":"2026-02-23T21:49:27.650+0800","caller":"middleware/logger.go:42","msg":"HTTP Response","method":"GET","path":"/api/auth/interaction/like","status":404,"duration":0}
{"level":"INFO","timestamp":"2026-02-23T21:49:40.069+0800","caller":"middleware/logger.go:27","msg":"HTTP Request","method":"POST","path":"/api/auth/interaction/like","query":"","ip":"::1","user_agent":"Apifox/1.0.0 (https://apifox.com)"}
{"level":"INFO","timestamp":"2026-02-23T21:49:40.071+0800","caller":"middleware/logger.go:42","msg":"HTTP Response","method":"POST","path":"/api/auth/interaction/like","status":401,"duration":0.0016398}
{"level":"INFO","timestamp":"2026-02-23T21:50:02.732+0800","caller":"middleware/logger.go:27","msg":"HTTP Request","method":"POST","path":"/api/auth/interaction/like","query":"","ip":"::1","user_agent":"Apifox/1.0.0 (https://apifox.com)"}
{"level":"INFO","timestamp":"2026-02-23T21:50:02.733+0800","caller":"middleware/logger.go:42","msg":"HTTP Response","method":"POST","path":"/api/auth/interaction/like","status":401,"duration":0.0010039}
{"level":"INFO","timestamp":"2026-02-23T21:50:06.585+0800","caller":"middleware/logger.go:27","msg":"HTTP Request","method":"POST","path":"/api/auth/interaction/like","query":"","ip":"::1","user_agent":"Apifox/1.0.0 (https://apifox.com)"}
{"level":"INFO","timestamp":"2026-02-23T21:50:06.586+0800","caller":"middleware/logger.go:42","msg":"HTTP Response","method":"POST","path":"/api/auth/interaction/like","status":401,"duration":0.001007}
{"level":"INFO","timestamp":"2026-02-23T21:50:10.628+0800","caller":"middleware/logger.go:27","msg":"HTTP Request","method":"POST","path":"/api/auth/interaction/like","query":"","ip":"::1","user_agent":"Apifox/1.0.0 (https://apifox.com)"}
{"level":"INFO","timestamp":"2026-02-23T21:50:10.628+0800","caller":"middleware/logger.go:42","msg":"HTTP Response","method":"POST","path":"/api/auth/interaction/like","status":401,"duration":0}
{"level":"INFO","timestamp":"2026-02-23T21:50:24.027+0800","caller":"middleware/logger.go:27","msg":"HTTP Request","method":"POST","path":"/api/auth/interaction/like","query":"","ip":"::1","user_agent":"Apifox/1.0.0 (https://apifox.com)"}
{"level":"INFO","timestamp":"2026-02-23T21:50:25.145+0800","caller":"middleware/logger.go:42","msg":"HTTP Response","method":"POST","path":"/api/auth/interaction/like","status":200,"duration":1.1175739}
{"level":"INFO","timestamp":"2026-02-23T21:51:04.919+0800","caller":"middleware/logger.go:27","msg":"HTTP Request","method":"GET","path":"/api/auth/interaction/unlike","query":"","ip":"::1","user_agent":"Apifox/1.0.0 (https://apifox.com)"}
{"level":"INFO","timestamp":"2026-02-23T21:51:04.919+0800","caller":"middleware/logger.go:42","msg":"HTTP Response","method":"GET","path":"/api/auth/interaction/unlike","status":404,"duration":0}
{"level":"INFO","timestamp":"2026-02-23T21:51:10.739+0800","caller":"middleware/logger.go:27","msg":"HTTP Request","method":"POST","path":"/api/auth/interaction/unlike","query":"","ip":"::1","user_agent":"Apifox/1.0.0 (https://apifox.com)"}
{"level":"INFO","timestamp":"2026-02-23T21:51:11.832+0800","caller":"middleware/logger.go:42","msg":"HTTP Response","method":"POST","path":"/api/auth/interaction/unlike","status":200,"duration":1.0933009}
{"level":"INFO","timestamp":"2026-02-23T21:52:16.538+0800","caller":"middleware/logger.go:27","msg":"HTTP Request","method":"POST","path":"/api/auth/interaction/comment","query":"","ip":"::1","user_agent":"Apifox/1.0.0 (https://apifox.com)"}
{"level":"INFO","timestamp":"2026-02-23T21:52:16.587+0800","caller":"middleware/logger.go:42","msg":"HTTP Response","method":"POST","path":"/api/auth/interaction/comment","status":200,"duration":0.0488949}
{"level":"INFO","timestamp":"2026-02-23T21:53:21.318+0800","caller":"middleware/logger.go:27","msg":"HTTP Request","method":"GET","path":"/api/interaction/comments","query":"","ip":"::1","user_agent":"Apifox/1.0.0 (https://apifox.com)"}
{"level":"INFO","timestamp":"2026-02-23T21:53:21.320+0800","caller":"middleware/logger.go:42","msg":"HTTP Response","method":"GET","path":"/api/interaction/comments","status":400,"duration":0.0016822}
{"level":"INFO","timestamp":"2026-02-23T21:53:29.250+0800","caller":"middleware/logger.go:27","msg":"HTTP Request","method":"GET","path":"/api/interaction/comments","query":"id","ip":"::1","user_agent":"Apifox/1.0.0 (https://apifox.com)"}
{"level":"INFO","timestamp":"2026-02-23T21:53:29.252+0800","caller":"middleware/logger.go:42","msg":"HTTP Response","method":"GET","path":"/api/interaction/comments","status":400,"duration":0.0017098}
{"level":"INFO","timestamp":"2026-02-23T21:53:33.950+0800","caller":"middleware/logger.go:27","msg":"HTTP Request","method":"GET","path":"/api/interaction/comments","query":"id=1","ip":"::1","user_agent":"Apifox/1.0.0 (https://apifox.com)"}
{"level":"INFO","timestamp":"2026-02-23T21:53:33.951+0800","caller":"middleware/logger.go:42","msg":"HTTP Response","method":"GET","path":"/api/interaction/comments","status":400,"duration":0.0015657}
{"level":"INFO","timestamp":"2026-02-23T21:53:42.148+0800","caller":"middleware/logger.go:27","msg":"HTTP Request","method":"GET","path":"/api/interaction/comments","query":"ID=1","ip":"::1","user_agent":"Apifox/1.0.0 (https://apifox.com)"}
{"level":"INFO","timestamp":"2026-02-23T21:53:42.148+0800","caller":"middleware/logger.go:42","msg":"HTTP Response","method":"GET","path":"/api/interaction/comments","status":400,"duration":0}
{"level":"INFO","timestamp":"2026-02-23T21:53:47.664+0800","caller":"middleware/logger.go:27","msg":"HTTP Request","method":"GET","path":"/api/interaction/comments","query":"ID=1","ip":"::1","user_agent":"Apifox/1.0.0 (https://apifox.com)"}
{"level":"INFO","timestamp":"2026-02-23T21:53:47.664+0800","caller":"middleware/logger.go:42","msg":"HTTP Response","method":"GET","path":"/api/interaction/comments","status":400,"duration":0}
{"level":"INFO","timestamp":"2026-02-23T21:54:16.090+0800","caller":"middleware/logger.go:27","msg":"HTTP Request","method":"GET","path":"/api/interaction/comments","query":"id=1","ip":"::1","user_agent":"Apifox/1.0.0 (https://apifox.com)"}
{"level":"INFO","timestamp":"2026-02-23T21:54:16.090+0800","caller":"middleware/logger.go:42","msg":"HTTP Response","method":"GET","path":"/api/interaction/comments","status":400,"duration":0}
{"level":"INFO","timestamp":"2026-02-23T21:55:15.305+0800","caller":"middleware/logger.go:27","msg":"HTTP Request","method":"GET","path":"/api/interaction/comments/video_id=1","query":"id=1","ip":"::1","user_agent":"Apifox/1.0.0 (https://apifox.com)"}
{"level":"INFO","timestamp":"2026-02-23T21:55:15.305+0800","caller":"middleware/logger.go:42","msg":"HTTP Response","method":"GET","path":"/api/interaction/comments/video_id=1","status":404,"duration":0}
{"level":"INFO","timestamp":"2026-02-23T21:55:24.193+0800","caller":"middleware/logger.go:27","msg":"HTTP Request","method":"GET","path":"/api/interaction/comments","query":"id=1","ip":"::1","user_agent":"Apifox/1.0.0 (https://apifox.com)"}
{"level":"INFO","timestamp":"2026-02-23T21:55:24.193+0800","caller":"middleware/logger.go:42","msg":"HTTP Response","method":"GET","path":"/api/interaction/comments","status":400,"duration":0}
{"level":"INFO","timestamp":"2026-02-23T21:55:31.751+0800","caller":"middleware/logger.go:27","msg":"HTTP Request","method":"GET","path":"/api/interaction/comments","query":"video_id=1","ip":"::1","user_agent":"Apifox/1.0.0 (https://apifox.com)"}
{"level":"INFO","timestamp":"2026-02-23T21:55:31.781+0800","caller":"middleware/logger.go:42","msg":"HTTP Response","method":"GET","path":"/api/interaction/comments","status":200,"duration":0.0305433}
{"level":"INFO","timestamp":"2026-02-23T21:55:52.675+0800","caller":"middleware/logger.go:27","msg":"HTTP Request","method":"GET","path":"/api/interaction/comments","query":"video_id=1","ip":"::1","user_agent":"Apifox/1.0.0 (https://apifox.com)"}
{"level":"INFO","timestamp":"2026-02-23T21:55:52.704+0800","caller":"middleware/logger.go:42","msg":"HTTP Response","method":"GET","path":"/api/interaction/comments","status":200,"duration":0.029031}
{"level":"INFO","timestamp":"2026-02-23T21:56:30.445+0800","caller":"middleware/logger.go:27","msg":"HTTP Request","method":"POST","path":"/api/auth/message/send","query":"","ip":"::1","user_agent":"Apifox/1.0.0 (https://apifox.com)"}
{"level":"INFO","timestamp":"2026-02-23T21:56:30.447+0800","caller":"middleware/logger.go:42","msg":"HTTP Response","method":"POST","path":"/api/auth/message/send","status":401,"duration":0.0015392}
{"level":"INFO","timestamp":"2026-02-23T21:56:40.309+0800","caller":"middleware/logger.go:27","msg":"HTTP Request","method":"POST","path":"/api/auth/message/send","query":"","ip":"::1","user_agent":"Apifox/1.0.0 (https://apifox.com)"}
{"level":"INFO","timestamp":"2026-02-23T21:56:40.356+0800","caller":"middleware/logger.go:42","msg":"HTTP Response","method":"POST","path":"/api/auth/message/send","status":200,"duration":0.0466703}
{"level":"INFO","timestamp":"2026-02-23T21:57:39.383+0800","caller":"middleware/logger.go:27","msg":"HTTP Request","method":"GET","path":"/api/auth/message/list","query":"","ip":"::1","user_agent":"Apifox/1.0.0 (https://apifox.com)"}
{"level":"INFO","timestamp":"2026-02-23T21:57:39.410+0800","caller":"middleware/logger.go:42","msg":"HTTP Response","method":"GET","path":"/api/auth/message/list","status":200,"duration":0.0276364}
{"level":"INFO","timestamp":"2026-02-23T21:58:18.562+0800","caller":"middleware/logger.go:27","msg":"HTTP Request","method":"GET","path":"/api/auth/live/start","query":"","ip":"::1","user_agent":"Apifox/1.0.0 (https://apifox.com)"}
{"level":"INFO","timestamp":"2026-02-23T21:58:18.563+0800","caller":"middleware/logger.go:42","msg":"HTTP Response","method":"GET","path":"/api/auth/live/start","status":404,"duration":0.0005167}
{"level":"INFO","timestamp":"2026-02-23T21:58:30.113+0800","caller":"middleware/logger.go:27","msg":"HTTP Request","method":"POST","path":"/api/auth/live/start","query":"","ip":"::1","user_agent":"Apifox/1.0.0 (https://apifox.com)"}
{"level":"INFO","timestamp":"2026-02-23T21:58:30.113+0800","caller":"middleware/logger.go:42","msg":"HTTP Response","method":"POST","path":"/api/auth/live/start","status":401,"duration":0.0005054}
{"level":"INFO","timestamp":"2026-02-23T21:58:42.475+0800","caller":"middleware/logger.go:27","msg":"HTTP Request","method":"POST","path":"/api/auth/live/start","query":"","ip":"::1","user_agent":"Apifox/1.0.0 (https://apifox.com)"}
{"level":"INFO","timestamp":"2026-02-23T21:58:42.538+0800","caller":"middleware/logger.go:42","msg":"HTTP Response","method":"POST","path":"/api/auth/live/start","status":200,"duration":0.0626385}
{"level":"INFO","timestamp":"2026-02-23T21:59:23.550+0800","caller":"middleware/logger.go:27","msg":"HTTP Request","method":"POST","path":"/api/auth/live/stop","query":"","ip":"::1","user_agent":"Apifox/1.0.0 (https://apifox.com)"}
{"level":"INFO","timestamp":"2026-02-23T21:59:23.609+0800","caller":"middleware/logger.go:42","msg":"HTTP Response","method":"POST","path":"/api/auth/live/stop","status":200,"duration":0.058244}
{"level":"INFO","timestamp":"2026-02-23T21:59:56.065+0800","caller":"middleware/logger.go:27","msg":"HTTP Request","method":"GET","path":"/api/live/list","query":"","ip":"::1","user_agent":"Apifox/1.0.0 (https://apifox.com)"}
{"level":"INFO","timestamp":"2026-02-23T21:59:56.094+0800","caller":"middleware/logger.go:42","msg":"HTTP Response","method":"GET","path":"/api/live/list","status":200,"duration":0.028958}
{"level":"INFO","timestamp":"2026-02-23T22:00:47.794+0800","caller":"middleware/logger.go:27","msg":"HTTP Request","method":"POST","path":"/api/auth/danmu/send","query":"","ip":"::1","user_agent":"Apifox/1.0.0 (https://apifox.com)"}
{"level":"INFO","timestamp":"2026-02-23T22:00:47.806+0800","caller":"middleware/logger.go:42","msg":"HTTP Response","method":"POST","path":"/api/auth/danmu/send","status":200,"duration":0.0124698}
{"level":"INFO","timestamp":"2026-02-23T22:01:11.644+0800","caller":"middleware/logger.go:27","msg":"HTTP Request","method":"GET","path":"/api/danmu/list","query":"","ip":"::1","user_agent":"Apifox/1.0.0 (https://apifox.com)"}
{"level":"INFO","timestamp":"2026-02-23T22:01:11.644+0800","caller":"middleware/logger.go:42","msg":"HTTP Response","method":"GET","path":"/api/danmu/list","status":400,"duration":0}
{"level":"INFO","timestamp":"2026-02-23T22:01:30.911+0800","caller":"middleware/logger.go:27","msg":"HTTP Request","method":"GET","path":"/api/danmu/list","query":"live_id=1","ip":"::1","user_agent":"Apifox/1.0.0 (https://apifox.com)"}
{"level":"INFO","timestamp":"2026-02-23T22:01:30.929+0800","caller":"middleware/logger.go:42","msg":"HTTP Response","method":"GET","path":"/api/danmu/list","status":200,"duration":0.0184999}
{"level":"INFO","timestamp":"2026-02-23T22:02:31.312+0800","caller":"middleware/logger.go:27","msg":"HTTP Request","method":"GET","path":"/api/auth/recommend/videos","query":"","ip":"::1","user_agent":"Apifox/1.0.0 (https://apifox.com)"}
{"level":"INFO","timestamp":"2026-02-23T22:02:31.338+0800","caller":"middleware/logger.go:42","msg":"HTTP Response","method":"GET","path":"/api/auth/recommend/videos","status":200,"duration":0.0261462}
{"level":"INFO","timestamp":"2026-02-23T22:02:48.313+0800","caller":"middleware/logger.go:27","msg":"HTTP Request","method":"GET","path":"/api/auth/recommend/videos","query":"","ip":"::1","user_agent":"Mozilla/5.0 (Windows NT 10.0; Win64; x64) AppleWebKit/537.36 (KHTML, like Gecko) Chrome/145.0.0.0 Safari/537.36 Edg/145.0.0.0"}
{"level":"INFO","timestamp":"2026-02-23T22:02:48.313+0800","caller":"middleware/logger.go:42","msg":"HTTP Response","method":"GET","path":"/api/auth/recommend/videos","status":401,"duration":0}
{"level":"INFO","timestamp":"2026-02-23T22:02:48.398+0800","caller":"middleware/logger.go:27","msg":"HTTP Request","method":"GET","path":"/favicon.ico","query":"","ip":"::1","user_agent":"Mozilla/5.0 (Windows NT 10.0; Win64; x64) AppleWebKit/537.36 (KHTML, like Gecko) Chrome/145.0.0.0 Safari/537.36 Edg/145.0.0.0"}
{"level":"INFO","timestamp":"2026-02-23T22:02:48.398+0800","caller":"middleware/logger.go:42","msg":"HTTP Response","method":"GET","path":"/favicon.ico","status":404,"duration":0}
{"level":"INFO","timestamp":"2026-02-25T15:12:17.565+0800","caller":"middleware/logger.go:27","msg":"HTTP Request","method":"POST","path":"/api/user/register","query":"","ip":"::1","user_agent":"Apifox/1.0.0 (https://apifox.com)"}
{"level":"INFO","timestamp":"2026-02-25T15:12:17.586+0800","caller":"middleware/logger.go:42","msg":"HTTP Response","method":"POST","path":"/api/user/register","status":200,"duration":0.0220229}
{"level":"INFO","timestamp":"2026-02-25T15:13:50.887+0800","caller":"middleware/logger.go:27","msg":"HTTP Request","method":"POST","path":"/api/user/register","query":"","ip":"::1","user_agent":"Apifox/1.0.0 (https://apifox.com)"}
{"level":"INFO","timestamp":"2026-02-25T15:13:50.903+0800","caller":"middleware/logger.go:42","msg":"HTTP Response","method":"POST","path":"/api/user/register","status":200,"duration":0.0162138}
{"level":"INFO","timestamp":"2026-02-25T15:17:48.080+0800","caller":"middleware/logger.go:27","msg":"HTTP Request","method":"POST","path":"/api/user/register","query":"","ip":"::1","user_agent":"Apifox/1.0.0 (https://apifox.com)"}
{"level":"INFO","timestamp":"2026-02-25T15:17:48.112+0800","caller":"middleware/logger.go:42","msg":"HTTP Response","method":"POST","path":"/api/user/register","status":200,"duration":0.0340615}
{"level":"INFO","timestamp":"2026-02-25T15:20:51.012+0800","caller":"middleware/logger.go:27","msg":"HTTP Request","method":"POST","path":"/api/user/register","query":"","ip":"::1","user_agent":"Apifox/1.0.0 (https://apifox.com)"}
{"level":"INFO","timestamp":"2026-02-25T15:20:51.028+0800","caller":"middleware/logger.go:42","msg":"HTTP Response","method":"POST","path":"/api/user/register","status":200,"duration":0.0158692}
{"level":"INFO","timestamp":"2026-02-25T15:20:56.942+0800","caller":"middleware/logger.go:27","msg":"HTTP Request","method":"GET","path":"/api/video/feed","query":"","ip":"::1","user_agent":"Apifox/1.0.0 (https://apifox.com)"}
{"level":"INFO","timestamp":"2026-02-25T15:20:56.945+0800","caller":"middleware/logger.go:42","msg":"HTTP Response","method":"GET","path":"/api/video/feed","status":500,"duration":0.0036354}
{"level":"INFO","timestamp":"2026-02-25T15:21:52.440+0800","caller":"middleware/logger.go:27","msg":"HTTP Request","method":"GET","path":"/api/video/feed","query":"","ip":"::1","user_agent":"Apifox/1.0.0 (https://apifox.com)"}
{"level":"INFO","timestamp":"2026-02-25T15:21:52.463+0800","caller":"middleware/logger.go:42","msg":"HTTP Response","method":"GET","path":"/api/video/feed","status":200,"duration":0.0229954}
{"level":"INFO","timestamp":"2026-02-25T15:22:14.123+0800","caller":"middleware/logger.go:27","msg":"HTTP Request","method":"GET","path":"/health","query":"","ip":"::1","user_agent":"Apifox/1.0.0 (https://apifox.com)"}
{"level":"INFO","timestamp":"2026-02-25T15:22:14.124+0800","caller":"middleware/logger.go:42","msg":"HTTP Response","method":"GET","path":"/health","status":200,"duration":0.0010702}
{"level":"INFO","timestamp":"2026-02-25T15:22:19.591+0800","caller":"middleware/logger.go:27","msg":"HTTP Request","method":"GET","path":"/api/auth/user/profile","query":"Authorization=1","ip":"::1","user_agent":"Apifox/1.0.0 (https://apifox.com)"}
{"level":"INFO","timestamp":"2026-02-25T15:22:19.616+0800","caller":"middleware/logger.go:42","msg":"HTTP Response","method":"GET","path":"/api/auth/user/profile","status":200,"duration":0.0254167}
{"level":"INFO","timestamp":"2026-02-25T15:25:02.256+0800","caller":"middleware/logger.go:27","msg":"HTTP Request","method":"POST","path":"/api/user/register","query":"","ip":"::1","user_agent":"Apifox/1.0.0 (https://apifox.com)"}
{"level":"INFO","timestamp":"2026-02-25T15:25:02.259+0800","caller":"middleware/logger.go:42","msg":"HTTP Response","method":"POST","path":"/api/user/register","status":500,"duration":0.0035422}
{"level":"INFO","timestamp":"2026-02-25T15:26:21.854+0800","caller":"middleware/logger.go:27","msg":"HTTP Request","method":"POST","path":"/api/user/register","query":"","ip":"::1","user_agent":"Apifox/1.0.0 (https://apifox.com)"}
{"level":"INFO","timestamp":"2026-02-25T15:26:21.874+0800","caller":"middleware/logger.go:42","msg":"HTTP Response","method":"POST","path":"/api/user/register","status":400,"duration":0.0205781}
{"level":"INFO","timestamp":"2026-02-25T15:26:27.459+0800","caller":"middleware/logger.go:27","msg":"HTTP Request","method":"POST","path":"/api/user/register","query":"","ip":"::1","user_agent":"Apifox/1.0.0 (https://apifox.com)"}
{"level":"INFO","timestamp":"2026-02-25T15:26:27.472+0800","caller":"middleware/logger.go:42","msg":"HTTP Response","method":"POST","path":"/api/user/register","status":400,"duration":0.0128593}
{"level":"INFO","timestamp":"2026-02-25T15:26:54.366+0800","caller":"middleware/logger.go:27","msg":"HTTP Request","method":"POST","path":"/api/user/register","query":"","ip":"::1","user_agent":"Apifox/1.0.0 (https://apifox.com)"}
{"level":"INFO","timestamp":"2026-02-25T15:26:55.673+0800","caller":"middleware/logger.go:42","msg":"HTTP Response","method":"POST","path":"/api/user/register","status":200,"duration":1.3069712}
{"level":"INFO","timestamp":"2026-02-25T15:29:15.770+0800","caller":"middleware/logger.go:27","msg":"HTTP Request","method":"GET","path":"/api/search","query":"","ip":"::1","user_agent":"Apifox/1.0.0 (https://apifox.com)"}
{"level":"INFO","timestamp":"2026-02-25T15:29:15.876+0800","caller":"middleware/logger.go:42","msg":"HTTP Response","method":"GET","path":"/api/search","status":200,"duration":0.1061601}
{"level":"INFO","timestamp":"2026-02-25T15:29:21.394+0800","caller":"middleware/logger.go:27","msg":"HTTP Request","method":"POST","path":"/api/auth/interaction/comment","query":"","ip":"::1","user_agent":"Apifox/1.0.0 (https://apifox.com)"}
{"level":"INFO","timestamp":"2026-02-25T15:29:21.400+0800","caller":"middleware/logger.go:42","msg":"HTTP Response","method":"POST","path":"/api/auth/interaction/comment","status":500,"duration":0.0063267}
{"level":"INFO","timestamp":"2026-02-25T15:52:09.044+0800","caller":"middleware/logger.go:27","msg":"HTTP Request","method":"POST","path":"/api/auth/interaction/comment","query":"","ip":"::1","user_agent":"Apifox/1.0.0 (https://apifox.com)"}
{"level":"INFO","timestamp":"2026-02-25T15:52:09.092+0800","caller":"middleware/logger.go:42","msg":"HTTP Response","method":"POST","path":"/api/auth/interaction/comment","status":500,"duration":0.0494241}
{"level":"INFO","timestamp":"2026-02-25T15:52:48.899+0800","caller":"middleware/logger.go:27","msg":"HTTP Request","method":"POST","path":"/api/auth/interaction/comment","query":"","ip":"::1","user_agent":"Apifox/1.0.0 (https://apifox.com)"}
{"level":"INFO","timestamp":"2026-02-25T15:52:48.948+0800","caller":"middleware/logger.go:42","msg":"HTTP Response","method":"POST","path":"/api/auth/interaction/comment","status":400,"duration":0.0488939}
{"level":"INFO","timestamp":"2026-02-25T15:55:30.268+0800","caller":"middleware/logger.go:27","msg":"HTTP Request","method":"POST","path":"/api/auth/interaction/comment","query":"","ip":"::1","user_agent":"Apifox/1.0.0 (https://apifox.com)"}
{"level":"INFO","timestamp":"2026-02-25T15:55:30.275+0800","caller":"middleware/logger.go:42","msg":"HTTP Response","method":"POST","path":"/api/auth/interaction/comment","status":400,"duration":0.0076666}
{"level":"INFO","timestamp":"2026-02-25T15:55:36.419+0800","caller":"middleware/logger.go:27","msg":"HTTP Request","method":"POST","path":"/api/auth/interaction/comment","query":"","ip":"::1","user_agent":"Apifox/1.0.0 (https://apifox.com)"}
{"level":"INFO","timestamp":"2026-02-25T15:55:37.496+0800","caller":"middleware/logger.go:42","msg":"HTTP Response","method":"POST","path":"/api/auth/interaction/comment","status":200,"duration":1.0761591}
{"level":"INFO","timestamp":"2026-02-25T16:26:11.320+0800","caller":"middleware/logger.go:27","msg":"HTTP Request","method":"POST","path":"/api/auth/social/unfollow","query":"","ip":"::1","user_agent":"Apifox/1.0.0 (https://apifox.com)"}
{"level":"INFO","timestamp":"2026-02-25T16:26:11.420+0800","caller":"middleware/logger.go:42","msg":"HTTP Response","method":"POST","path":"/api/auth/social/unfollow","status":500,"duration":0.0997396}
{"level":"INFO","timestamp":"2026-02-25T16:27:12.637+0800","caller":"middleware/logger.go:27","msg":"HTTP Request","method":"POST","path":"/api/auth/social/unfollow","query":"","ip":"::1","user_agent":"Apifox/1.0.0 (https://apifox.com)"}
{"level":"INFO","timestamp":"2026-02-25T16:27:12.687+0800","caller":"middleware/logger.go:42","msg":"HTTP Response","method":"POST","path":"/api/auth/social/unfollow","status":400,"duration":0.0495477}
{"level":"INFO","timestamp":"2026-02-25T16:27:30.959+0800","caller":"middleware/logger.go:27","msg":"HTTP Request","method":"POST","path":"/api/auth/social/unfollow","query":"id=1","ip":"::1","user_agent":"Apifox/1.0.0 (https://apifox.com)"}
{"level":"INFO","timestamp":"2026-02-25T16:27:30.960+0800","caller":"middleware/logger.go:42","msg":"HTTP Response","method":"POST","path":"/api/auth/social/unfollow","status":400,"duration":0.0010295}
{"level":"INFO","timestamp":"2026-02-25T16:29:26.972+0800","caller":"middleware/logger.go:27","msg":"HTTP Request","method":"POST","path":"/api/auth/social/follow","query":"","ip":"::1","user_agent":"Apifox/1.0.0 (https://apifox.com)"}
{"level":"INFO","timestamp":"2026-02-25T16:29:26.977+0800","caller":"middleware/logger.go:42","msg":"HTTP Response","method":"POST","path":"/api/auth/social/follow","status":400,"duration":0.0050327}
{"level":"INFO","timestamp":"2026-02-25T16:30:40.842+0800","caller":"middleware/logger.go:27","msg":"HTTP Request","method":"POST","path":"/api/auth/social/follow","query":"","ip":"::1","user_agent":"Apifox/1.0.0 (https://apifox.com)"}
{"level":"INFO","timestamp":"2026-02-25T16:30:40.889+0800","caller":"middleware/logger.go:42","msg":"HTTP Response","method":"POST","path":"/api/auth/social/follow","status":400,"duration":0.0468086}
{"level":"INFO","timestamp":"2026-02-25T16:30:43.541+0800","caller":"middleware/logger.go:27","msg":"HTTP Request","method":"POST","path":"/api/auth/social/follow","query":"","ip":"::1","user_agent":"Apifox/1.0.0 (https://apifox.com)"}
{"level":"INFO","timestamp":"2026-02-25T16:30:43.543+0800","caller":"middleware/logger.go:42","msg":"HTTP Response","method":"POST","path":"/api/auth/social/follow","status":400,"duration":0.0020142}
{"level":"INFO","timestamp":"2026-02-25T16:33:00.378+0800","caller":"middleware/logger.go:27","msg":"HTTP Request","method":"POST","path":"/api/auth/social/follow","query":"","ip":"::1","user_agent":"Apifox/1.0.0 (https://apifox.com)"}
{"level":"INFO","timestamp":"2026-02-25T16:33:00.383+0800","caller":"middleware/logger.go:42","msg":"HTTP Response","method":"POST","path":"/api/auth/social/follow","status":400,"duration":0.0044831}
{"level":"INFO","timestamp":"2026-02-25T16:33:05.716+0800","caller":"middleware/logger.go:27","msg":"HTTP Request","method":"POST","path":"/api/auth/social/follow","query":"","ip":"::1","user_agent":"Apifox/1.0.0 (https://apifox.com)"}
{"level":"INFO","timestamp":"2026-02-25T16:33:05.737+0800","caller":"middleware/logger.go:42","msg":"HTTP Response","method":"POST","path":"/api/auth/social/follow","status":400,"duration":0.0209857}
{"level":"INFO","timestamp":"2026-02-25T16:37:37.329+0800","caller":"middleware/logger.go:27","msg":"HTTP Request","method":"POST","path":"/api/auth/interaction/like","query":"","ip":"::1","user_agent":"Apifox/1.0.0 (https://apifox.com)"}
{"level":"INFO","timestamp":"2026-02-25T16:37:38.394+0800","caller":"middleware/logger.go:42","msg":"HTTP Response","method":"POST","path":"/api/auth/interaction/like","status":200,"duration":1.0652322}
{"level":"INFO","timestamp":"2026-02-25T16:38:20.225+0800","caller":"middleware/logger.go:27","msg":"HTTP Request","method":"POST","path":"/api/auth/live/start","query":"","ip":"::1","user_agent":"Apifox/1.0.0 (https://apifox.com)"}
{"level":"INFO","timestamp":"2026-02-25T16:38:20.284+0800","caller":"middleware/logger.go:42","msg":"HTTP Response","method":"POST","path":"/api/auth/live/start","status":400,"duration":0.0598024}
{"level":"INFO","timestamp":"2026-02-25T17:05:38.652+0800","caller":"middleware/logger.go:27","msg":"HTTP Request","method":"POST","path":"/api/user/register","query":"","ip":"::1","user_agent":"Apifox/1.0.0 (https://apifox.com)"}
{"level":"INFO","timestamp":"2026-02-25T17:05:38.679+0800","caller":"middleware/logger.go:42","msg":"HTTP Response","method":"POST","path":"/api/user/register","status":400,"duration":0.0271728}
{"level":"INFO","timestamp":"2026-02-25T17:05:55.452+0800","caller":"middleware/logger.go:27","msg":"HTTP Request","method":"POST","path":"/api/user/register","query":"","ip":"::1","user_agent":"Apifox/1.0.0 (https://apifox.com)"}
{"level":"INFO","timestamp":"2026-02-25T17:05:55.469+0800","caller":"middleware/logger.go:42","msg":"HTTP Response","method":"POST","path":"/api/user/register","status":400,"duration":0.0170726}
{"level":"INFO","timestamp":"2026-02-25T17:07:25.536+0800","caller":"middleware/logger.go:27","msg":"HTTP Request","method":"POST","path":"/api/user/register","query":"","ip":"::1","user_agent":"Apifox/1.0.0 (https://apifox.com)"}
{"level":"INFO","timestamp":"2026-02-25T17:07:25.557+0800","caller":"middleware/logger.go:42","msg":"HTTP Response","method":"POST","path":"/api/user/register","status":400,"duration":0.0209765}
{"level":"INFO","timestamp":"2026-02-25T17:07:27.906+0800","caller":"middleware/logger.go:27","msg":"HTTP Request","method":"POST","path":"/api/user/register","query":"","ip":"::1","user_agent":"Apifox/1.0.0 (https://apifox.com)"}
{"level":"INFO","timestamp":"2026-02-25T17:07:27.922+0800","caller":"middleware/logger.go:42","msg":"HTTP Response","method":"POST","path":"/api/user/register","status":400,"duration":0.0162417}
{"level":"INFO","timestamp":"2026-02-25T17:07:33.451+0800","caller":"middleware/logger.go:27","msg":"HTTP Request","method":"POST","path":"/api/user/register","query":"","ip":"::1","user_agent":"Apifox/1.0.0 (https://apifox.com)"}
{"level":"INFO","timestamp":"2026-02-25T17:07:34.649+0800","caller":"middleware/logger.go:42","msg":"HTTP Response","method":"POST","path":"/api/user/register","status":200,"duration":1.1974854}
{"level":"INFO","timestamp":"2026-02-25T17:07:43.320+0800","caller":"middleware/logger.go:27","msg":"HTTP Request","method":"POST","path":"/api/user/register","query":"","ip":"::1","user_agent":"Apifox/1.0.0 (https://apifox.com)"}
{"level":"INFO","timestamp":"2026-02-25T17:07:43.337+0800","caller":"middleware/logger.go:42","msg":"HTTP Response","method":"POST","path":"/api/user/register","status":400,"duration":0.0170579}
{"level":"INFO","timestamp":"2026-02-25T17:07:46.324+0800","caller":"middleware/logger.go:27","msg":"HTTP Request","method":"POST","path":"/api/user/register","query":"","ip":"::1","user_agent":"Apifox/1.0.0 (https://apifox.com)"}
{"level":"INFO","timestamp":"2026-02-25T17:07:46.349+0800","caller":"middleware/logger.go:42","msg":"HTTP Response","method":"POST","path":"/api/user/register","status":400,"duration":0.0251225}
{"level":"INFO","timestamp":"2026-02-25T17:07:56.022+0800","caller":"middleware/logger.go:27","msg":"HTTP Request","method":"POST","path":"/api/user/register","query":"","ip":"::1","user_agent":"Apifox/1.0.0 (https://apifox.com)"}
{"level":"INFO","timestamp":"2026-02-25T17:07:56.033+0800","caller":"middleware/logger.go:42","msg":"HTTP Response","method":"POST","path":"/api/user/register","status":400,"duration":0.0111362}
{"level":"INFO","timestamp":"2026-02-25T17:09:30.360+0800","caller":"middleware/logger.go:27","msg":"HTTP Request","method":"POST","path":"/api/user/login","query":"","ip":"::1","user_agent":"Apifox/1.0.0 (https://apifox.com)"}
{"level":"INFO","timestamp":"2026-02-25T17:09:31.436+0800","caller":"middleware/logger.go:42","msg":"HTTP Response","method":"POST","path":"/api/user/login","status":200,"duration":1.0762732}
{"level":"INFO","timestamp":"2026-02-25T17:21:30.338+0800","caller":"middleware/logger.go:27","msg":"HTTP Request","method":"POST","path":"/api/auth/danmu/send","query":"","ip":"::1","user_agent":"Apifox/1.0.0 (https://apifox.com)"}
{"level":"INFO","timestamp":"2026-02-25T17:21:30.343+0800","caller":"middleware/logger.go:42","msg":"HTTP Response","method":"POST","path":"/api/auth/danmu/send","status":400,"duration":0.0049761}
{"level":"INFO","timestamp":"2026-02-25T17:21:37.090+0800","caller":"middleware/logger.go:27","msg":"HTTP Request","method":"POST","path":"/api/auth/danmu/send","query":"","ip":"::1","user_agent":"Apifox/1.0.0 (https://apifox.com)"}
{"level":"INFO","timestamp":"2026-02-25T17:21:37.092+0800","caller":"middleware/logger.go:42","msg":"HTTP Response","method":"POST","path":"/api/auth/danmu/send","status":400,"duration":0.0021036}
{"level":"INFO","timestamp":"2026-02-25T17:22:03.985+0800","caller":"middleware/logger.go:27","msg":"HTTP Request","method":"POST","path":"/api/auth/danmu/send","query":"","ip":"::1","user_agent":"Apifox/1.0.0 (https://apifox.com)"}
{"level":"INFO","timestamp":"2026-02-25T17:22:04.028+0800","caller":"middleware/logger.go:42","msg":"HTTP Response","method":"POST","path":"/api/auth/danmu/send","status":400,"duration":0.0425323}
{"level":"INFO","timestamp":"2026-02-25T17:22:20.725+0800","caller":"middleware/logger.go:27","msg":"HTTP Request","method":"POST","path":"/api/auth/danmu/send","query":"","ip":"::1","user_agent":"Apifox/1.0.0 (https://apifox.com)"}
{"level":"INFO","timestamp":"2026-02-25T17:22:20.727+0800","caller":"middleware/logger.go:42","msg":"HTTP Response","method":"POST","path":"/api/auth/danmu/send","status":400,"duration":0.0010614}
{"level":"INFO","timestamp":"2026-02-25T17:23:30.427+0800","caller":"middleware/logger.go:27","msg":"HTTP Request","method":"POST","path":"/api/auth/danmu/send","query":"","ip":"::1","user_agent":"Apifox/1.0.0 (https://apifox.com)"}
{"level":"INFO","timestamp":"2026-02-25T17:23:30.435+0800","caller":"middleware/logger.go:42","msg":"HTTP Response","method":"POST","path":"/api/auth/danmu/send","status":500,"duration":0.008012}
{"level":"INFO","timestamp":"2026-02-25T17:24:07.487+0800","caller":"middleware/logger.go:27","msg":"HTTP Request","method":"POST","path":"/api/auth/danmu/send","query":"","ip":"::1","user_agent":"Apifox/1.0.0 (https://apifox.com)"}
{"level":"INFO","timestamp":"2026-02-25T17:24:07.548+0800","caller":"middleware/logger.go:42","msg":"HTTP Response","method":"POST","path":"/api/auth/danmu/send","status":200,"duration":0.061458}
{"level":"INFO","timestamp":"2026-02-25T17:35:51.769+0800","caller":"middleware/logger.go:27","msg":"HTTP Request","method":"POST","path":"/api/user/register","query":"","ip":"::1","user_agent":"Apifox/1.0.0 (https://apifox.com)"}
{"level":"INFO","timestamp":"2026-02-25T17:35:52.930+0800","caller":"middleware/logger.go:42","msg":"HTTP Response","method":"POST","path":"/api/user/register","status":200,"duration":1.1602106}
{"level":"INFO","timestamp":"2026-02-25T17:36:02.565+0800","caller":"middleware/logger.go:27","msg":"HTTP Request","method":"POST","path":"/api/user/login","query":"","ip":"::1","user_agent":"Apifox/1.0.0 (https://apifox.com)"}
{"level":"INFO","timestamp":"2026-02-25T17:36:03.629+0800","caller":"middleware/logger.go:42","msg":"HTTP Response","method":"POST","path":"/api/user/login","status":200,"duration":1.0643724}
{"level":"INFO","timestamp":"2026-02-25T17:36:17.886+0800","caller":"middleware/logger.go:27","msg":"HTTP Request","method":"GET","path":"/api/search","query":"","ip":"::1","user_agent":"Apifox/1.0.0 (https://apifox.com)"}
{"level":"INFO","timestamp":"2026-02-25T17:36:17.944+0800","caller":"middleware/logger.go:42","msg":"HTTP Response","method":"GET","path":"/api/search","status":200,"duration":0.0582559}
{"level":"INFO","timestamp":"2026-02-25T17:36:24.663+0800","caller":"middleware/logger.go:27","msg":"HTTP Request","method":"POST","path":"/api/auth/danmu/send","query":"","ip":"::1","user_agent":"Apifox/1.0.0 (https://apifox.com)"}
{"level":"INFO","timestamp":"2026-02-25T17:36:24.730+0800","caller":"middleware/logger.go:42","msg":"HTTP Response","method":"POST","path":"/api/auth/danmu/send","status":200,"duration":0.0664527}
{"level":"INFO","timestamp":"2026-02-25T17:36:31.160+0800","caller":"middleware/logger.go:27","msg":"HTTP Request","method":"POST","path":"/api/auth/live/start","query":"","ip":"::1","user_agent":"Apifox/1.0.0 (https://apifox.com)"}
{"level":"INFO","timestamp":"2026-02-25T17:36:31.180+0800","caller":"middleware/logger.go:42","msg":"HTTP Response","method":"POST","path":"/api/auth/live/start","status":400,"duration":0.0199094}
{"level":"INFO","timestamp":"2026-02-26T19:41:13.842+0800","caller":"middleware/logger.go:27","msg":"HTTP Request","method":"GET","path":"/ws","query":"user_id=1&live_id=0","ip":"127.0.0.1","user_agent":"Apifox/1.0.0 (https://apifox.com)"}
{"level":"INFO","timestamp":"2026-02-26T19:41:13.843+0800","caller":"middleware/logger.go:42","msg":"HTTP Response","method":"GET","path":"/ws","status":101,"duration":0.0016019}
{"level":"INFO","timestamp":"2026-02-26T19:41:31.758+0800","caller":"middleware/logger.go:27","msg":"HTTP Request","method":"GET","path":"/ws","query":"user_id=2&live_id=0","ip":"127.0.0.1","user_agent":"Apifox/1.0.0 (https://apifox.com)"}
{"level":"INFO","timestamp":"2026-02-26T19:41:31.758+0800","caller":"middleware/logger.go:42","msg":"HTTP Response","method":"GET","path":"/ws","status":101,"duration":0}
{"level":"INFO","timestamp":"2026-02-26T19:43:06.235+0800","caller":"middleware/logger.go:27","msg":"HTTP Request","method":"GET","path":"/ws","query":"user_id=2&live_id=0","ip":"127.0.0.1","user_agent":"Apifox/1.0.0 (https://apifox.com)"}
{"level":"INFO","timestamp":"2026-02-26T19:43:06.235+0800","caller":"middleware/logger.go:42","msg":"HTTP Response","method":"GET","path":"/ws","status":101,"duration":0}
{"level":"INFO","timestamp":"2026-02-26T19:43:11.157+0800","caller":"middleware/logger.go:27","msg":"HTTP Request","method":"GET","path":"/ws","query":"user_id=1&live_id=0","ip":"127.0.0.1","user_agent":"Apifox/1.0.0 (https://apifox.com)"}
{"level":"INFO","timestamp":"2026-02-26T19:43:11.157+0800","caller":"middleware/logger.go:42","msg":"HTTP Response","method":"GET","path":"/ws","status":101,"duration":0.0005139}
{"level":"INFO","timestamp":"2026-02-26T19:52:29.776+0800","caller":"middleware/logger.go:27","msg":"HTTP Request","method":"POST","path":"/api/auth/live/start","query":"","ip":"::1","user_agent":"Apifox/1.0.0 (https://apifox.com)"}
{"level":"INFO","timestamp":"2026-02-26T19:52:29.803+0800","caller":"middleware/logger.go:42","msg":"HTTP Response","method":"POST","path":"/api/auth/live/start","status":400,"duration":0.0279992}
